0 info it worked if it ends with ok
1 verbose cli [ '/Users/alex/.nvm/versions/node/v5.2.0/bin/node',
1 verbose cli   '/Users/alex/.nvm/versions/node/v5.2.0/bin/npm',
1 verbose cli   'run',
1 verbose cli   'dev' ]
2 info using npm@3.3.12
3 info using node@v5.2.0
4 verbose run-script [ 'predev', 'dev', 'postdev' ]
5 info lifecycle @~predev: @
6 silly lifecycle @~predev: no script for predev, continuing
7 info lifecycle @~dev: @
8 verbose lifecycle @~dev: unsafe-perm in lifecycle true
9 verbose lifecycle @~dev: PATH: /Users/alex/.nvm/versions/node/v5.2.0/lib/node_modules/npm/bin/node-gyp-bin:/Users/alex/tc-workspace/ng-auth/node_modules/.bin:/Users/alex/.nvm/versions/node/v5.2.0/bin:/Users/alex/.rvm/gems/ruby-2.2.0/bin:/Users/alex/.rvm/gems/ruby-2.2.0@global/bin:/Users/alex/.rvm/rubies/ruby-2.2.0/bin:/opt/local/bin:/opt/local/sbin:/usr/local/mysql/bin:/usr/local/bin:/Users/alex/bin:/usr/local/bin:/usr/bin:/bin:/usr/sbin:/sbin:/Users/alex/.rvm/bin
10 verbose lifecycle @~dev: CWD: /Users/alex/tc-workspace/ng-auth
11 silly lifecycle @~dev: Args: [ '-c', 'webpack-dev-server -d --colors' ]
12 silly lifecycle @~dev: Returned: code: 1  signal: null
13 info lifecycle @~dev: Failed to exec dev script
14 verbose stack Error: @ dev: `webpack-dev-server -d --colors`
14 verbose stack Exit status 1
14 verbose stack     at EventEmitter.<anonymous> (/Users/alex/.nvm/versions/node/v5.2.0/lib/node_modules/npm/lib/utils/lifecycle.js:232:16)
14 verbose stack     at emitTwo (events.js:88:13)
14 verbose stack     at EventEmitter.emit (events.js:173:7)
14 verbose stack     at ChildProcess.<anonymous> (/Users/alex/.nvm/versions/node/v5.2.0/lib/node_modules/npm/lib/utils/spawn.js:24:14)
14 verbose stack     at emitTwo (events.js:88:13)
14 verbose stack     at ChildProcess.emit (events.js:173:7)
14 verbose stack     at maybeClose (internal/child_process.js:819:16)
14 verbose stack     at Process.ChildProcess._handle.onexit (internal/child_process.js:212:5)
15 verbose pkgid @
16 verbose cwd /Users/alex/tc-workspace/ng-auth
17 error Darwin 14.5.0
18 error argv "/Users/alex/.nvm/versions/node/v5.2.0/bin/node" "/Users/alex/.nvm/versions/node/v5.2.0/bin/npm" "run" "dev"
19 error node v5.2.0
20 error npm  v3.3.12
21 error code ELIFECYCLE
22 error @ dev: `webpack-dev-server -d --colors`
22 error Exit status 1
23 error Failed at the @ dev script 'webpack-dev-server -d --colors'.
23 error Make sure you have the latest version of node.js and npm installed.
23 error If you do, this is most likely a problem with the  package,
23 error not with npm itself.
23 error Tell the author that this fails on your system:
23 error     webpack-dev-server -d --colors
23 error You can get their info via:
23 error     npm owner ls
23 error There is likely additional logging output above.
24 verbose exit [ 1, true ]
